<?xml version="1.0" encoding="UTF-8"?>
<!-- Generated by org.testng.reporters.JUnitReportReporter -->
<testsuite hostname="LAPTOP-BJLM547G" failures="0" tests="2" name="BasicLearning_TestNG.CurrentActTestClass1" time="0.005" errors="0" timestamp="2023-11-01T17:32:23 IST" skipped="0">
  <testcase classname="BasicLearning_TestNG.CurrentActTestClass1" name="test2" time="0.000"/>
  <testcase classname="BasicLearning_TestNG.CurrentActTestClass1" name="test1" time="0.005"/>
</testsuite> <!-- BasicLearning_TestNG.CurrentActTestClass1 -->
