<?xml version="1.0" encoding="UTF-8"?>
<!-- Generated by org.testng.reporters.JUnitReportReporter -->
<testsuite hostname="LAPTOP-BJLM547G" failures="0" tests="1" name="BasicLearning_TestNG.AssertionDemo" time="18.749" errors="0" timestamp="2023-12-05T06:10:25 IST" skipped="0">
  <testcase classname="BasicLearning_TestNG.AssertionDemo" name="testMethod" time="18.749"/>
</testsuite> <!-- BasicLearning_TestNG.AssertionDemo -->
