<?xml version="1.0" encoding="UTF-8"?>
<!-- Generated by org.testng.reporters.JUnitReportReporter -->
<testsuite hostname="LAPTOP-BJLM547G" failures="0" tests="2" name="BasicLearning_TestNG.XMLTestNG" time="0.005" errors="0" timestamp="2023-11-01T17:25:16 IST" skipped="0">
  <testcase classname="BasicLearning_TestNG.XMLTestNG" name="xmltest2" time="0.001"/>
  <testcase classname="BasicLearning_TestNG.XMLTestNG" name="xmltest1" time="0.004"/>
</testsuite> <!-- BasicLearning_TestNG.XMLTestNG -->
