<?xml version="1.0" encoding="UTF-8"?>
<!-- Generated by org.testng.reporters.JUnitReportReporter -->
<testsuite hostname="LAPTOP-BJLM547G" failures="0" tests="1" name="BasicLearning_TestNG.AutoMobileClass" time="0.001" errors="0" timestamp="2023-11-03T00:25:29 IST" skipped="0">
  <testcase classname="BasicLearning_TestNG.AutoMobileClass" name="add" time="0.001"/>
</testsuite> <!-- BasicLearning_TestNG.AutoMobileClass -->
