<?xml version="1.0" encoding="UTF-8"?>
<!-- Generated by org.testng.reporters.JUnitReportReporter -->
<testsuite hostname="LAPTOP-BJLM547G" failures="0" tests="2" name="BasicLearning_TestNG.DataProviderWithExcel" time="8.241" errors="0" timestamp="2023-12-29T07:42:11 IST" skipped="0">
  <testcase classname="BasicLearning_TestNG.DataProviderWithExcel" name="searchKeyWord" time="3.780"/>
  <testcase classname="BasicLearning_TestNG.DataProviderWithExcel" name="searchKeyWord" time="4.461"/>
</testsuite> <!-- BasicLearning_TestNG.DataProviderWithExcel -->
