<?xml version="1.0" encoding="UTF-8"?>
<!-- Generated by org.testng.reporters.JUnitReportReporter -->
<testsuite hostname="LAPTOP-BJLM547G" failures="0" tests="1" name="TestNGreportsDemo.TestNGreportsExample2" time="2.760" errors="0" timestamp="2024-01-11T23:37:39 IST" skipped="0">
  <testcase classname="TestNGreportsDemo.TestNGreportsExample2" name="googleSearch" time="2.760">
    <system-out>
      <![CDATA[Chrome browser opened...   
Google URL Opened...
India Gate keyword entered...   
Enter Kry Pressed ...
closing the browser...]]>
    </system-out>
  </testcase> <!-- googleSearch -->
  <system-out>
    <![CDATA[This is test method1...........
This is test method1...........
This is test method1............
This is test method1...........
Chrome browser opened...   
Google URL Opened...
India Gate keyword entered...   
Enter Kry Pressed ...
closing the browser...]]>
  </system-out>
</testsuite> <!-- TestNGreportsDemo.TestNGreportsExample2 -->
