<?xml version="1.0" encoding="UTF-8"?>
<!-- Generated by org.testng.reporters.JUnitReportReporter -->
<testsuite hostname="LAPTOP-BJLM547G" failures="0" tests="2" name="BasicLearning_TestNG.TestCase22" time="0.001" errors="0" timestamp="2023-11-02T15:41:41 IST" skipped="0">
  <testcase classname="BasicLearning_TestNG.TestCase22" name="test3" time="0.001"/>
  <testcase classname="BasicLearning_TestNG.TestCase22" name="test4" time="0.000"/>
</testsuite> <!-- BasicLearning_TestNG.TestCase22 -->
