<?xml version="1.0" encoding="UTF-8"?>
<!-- Generated by org.testng.reporters.JUnitReportReporter -->
<testsuite hostname="LAPTOP-BJLM547G" failures="0" tests="2" name="BasicLearning_TestNG.ParallelTestinggforMethods" time="7.031" errors="0" timestamp="2023-11-03T03:05:52 IST" skipped="0">
  <testcase classname="BasicLearning_TestNG.ParallelTestinggforMethods" name="verifyLogo" time="2.617"/>
  <testcase classname="BasicLearning_TestNG.ParallelTestinggforMethods" name="verifyTitle" time="4.414"/>
</testsuite> <!-- BasicLearning_TestNG.ParallelTestinggforMethods -->
