<?xml version="1.0" encoding="UTF-8"?>
<!-- Generated by org.testng.reporters.JUnitReportReporter -->
<testsuite hostname="LAPTOP-BJLM547G" failures="0" tests="2" name="BasicLearning_TestNG.GroupAttributee" time="0.006" errors="0" timestamp="2023-11-02T16:14:42 IST" skipped="0">
  <testcase classname="BasicLearning_TestNG.GroupAttributee" name="Infosys" time="0.005"/>
  <testcase classname="BasicLearning_TestNG.GroupAttributee" name="Wipro" time="0.001"/>
</testsuite> <!-- BasicLearning_TestNG.GroupAttributee -->
