<?xml version="1.0" encoding="UTF-8"?>
<!-- Generated by org.testng.reporters.JUnitReportReporter -->
<testsuite hostname="LAPTOP-BJLM547G" failures="0" tests="4" name="TestNGreportsDemo.TestNGreportsExample" time="0.008" errors="0" timestamp="2024-01-11T23:37:39 IST" skipped="0">
  <testcase classname="TestNGreportsDemo.TestNGreportsExample" name="testMethod2" time="0.001">
    <system-out>
      <![CDATA[This is test method1...........]]>
    </system-out>
  </testcase> <!-- testMethod2 -->
  <testcase classname="TestNGreportsDemo.TestNGreportsExample" name="testMethod4" time="0.001">
    <system-out>
      <![CDATA[This is test method1...........]]>
    </system-out>
  </testcase> <!-- testMethod4 -->
  <testcase classname="TestNGreportsDemo.TestNGreportsExample" name="testMethod3" time="0.000">
    <system-out>
      <![CDATA[This is test method1............]]>
    </system-out>
  </testcase> <!-- testMethod3 -->
  <testcase classname="TestNGreportsDemo.TestNGreportsExample" name="testMethod1" time="0.006">
    <system-out>
      <![CDATA[This is test method1...........]]>
    </system-out>
  </testcase> <!-- testMethod1 -->
  <system-out>
    <![CDATA[This is test method1...........
This is test method1...........
This is test method1............
This is test method1...........
Chrome browser opened...   
Google URL Opened...
India Gate keyword entered...   
Enter Kry Pressed ...
closing the browser...]]>
  </system-out>
</testsuite> <!-- TestNGreportsDemo.TestNGreportsExample -->
