<?xml version="1.0" encoding="UTF-8"?>
<!-- Generated by org.testng.reporters.JUnitReportReporter -->
<testsuite hostname="LAPTOP-BJLM547G" failures="0" tests="2" name="BatchTesting.LoginTest" time="0.001" errors="0" timestamp="2023-12-05T06:09:03 IST" skipped="0">
  <testcase classname="BatchTesting.LoginTest" name="LoginByMobileNumber" time="0.000"/>
  <testcase classname="BatchTesting.LoginTest" name="LoginByEmail" time="0.001"/>
</testsuite> <!-- BatchTesting.LoginTest -->
