<?xml version="1.0" encoding="UTF-8"?>
<!-- Generated by org.testng.reporters.JUnitReportReporter -->
<testsuite hostname="LAPTOP-BJLM547G" failures="0" tests="2" name="BasicLearning_TestNG.TestNGgoogleSearch" time="5.928" errors="0" timestamp="2023-11-03T00:53:55 IST" skipped="0">
  <testcase classname="BasicLearning_TestNG.TestNGgoogleSearch" name="googleSearch" time="2.417"/>
  <testcase classname="BasicLearning_TestNG.TestNGgoogleSearch" name="googleSearch" time="3.511"/>
</testsuite> <!-- BasicLearning_TestNG.TestNGgoogleSearch -->
