<?xml version="1.0" encoding="UTF-8"?>
<!-- Generated by org.testng.reporters.JUnitReportReporter -->
<testsuite hostname="LAPTOP-BJLM547G" failures="0" tests="3" name="BatchTesting.HomeScreenTest" time="0.002" errors="0" timestamp="2023-12-05T06:09:03 IST" skipped="0">
  <testcase classname="BatchTesting.HomeScreenTest" name="LaunchApplication" time="0.000"/>
  <testcase classname="BatchTesting.HomeScreenTest" name="VerifyLogo" time="0.001"/>
  <testcase classname="BatchTesting.HomeScreenTest" name="VerifyTitle" time="0.001"/>
</testsuite> <!-- BatchTesting.HomeScreenTest -->
