<?xml version="1.0" encoding="UTF-8"?>
<!-- Generated by org.testng.reporters.JUnitReportReporter -->
<testsuite hostname="LAPTOP-BJLM547G" failures="0" tests="2" name="BasicLearning_TestNG.TestNG_Annotation" time="0.007" errors="0" timestamp="2023-11-02T16:25:24 IST" skipped="0">
  <testcase classname="BasicLearning_TestNG.TestNG_Annotation" name="regtest" time="0.002"/>
  <testcase classname="BasicLearning_TestNG.TestNG_Annotation" name="logintest" time="0.005"/>
</testsuite> <!-- BasicLearning_TestNG.TestNG_Annotation -->
