<?xml version="1.0" encoding="UTF-8"?>
<!-- Generated by org.testng.reporters.JUnitReportReporter -->
<testsuite hostname="LAPTOP-BJLM547G" failures="0" tests="3" name="BasicLearning_TestNG.AnnotationAttributes" time="0.009" errors="0" timestamp="2023-11-02T15:57:09 IST" skipped="0">
  <testcase classname="BasicLearning_TestNG.AnnotationAttributes" name="testcase3" time="0.002"/>
  <testcase classname="BasicLearning_TestNG.AnnotationAttributes" name="testcase2" time="0.006"/>
  <testcase classname="BasicLearning_TestNG.AnnotationAttributes" name="testcase1" time="0.001"/>
</testsuite> <!-- BasicLearning_TestNG.AnnotationAttributes -->
