<?xml version="1.0" encoding="UTF-8"?>
<!-- Generated by org.testng.reporters.JUnitReportReporter -->
<testsuite hostname="LAPTOP-BJLM547G" failures="0" tests="2" name="BasicLearning_TestNG.ParallelTestingg" time="9.519" errors="0" timestamp="2023-11-03T02:49:48 IST" skipped="0">
  <testcase classname="BasicLearning_TestNG.ParallelTestingg" name="verifyTitle" time="6.275"/>
  <testcase classname="BasicLearning_TestNG.ParallelTestingg" name="verifyLogo" time="3.244"/>
</testsuite> <!-- BasicLearning_TestNG.ParallelTestingg -->
