<?xml version="1.0" encoding="UTF-8"?>
<!-- Generated by org.testng.reporters.JUnitReportReporter -->
<testsuite hostname="LAPTOP-BJLM547G" failures="0" tests="3" name="CrossBrowserTesting.CrossBrowserTestingDemo" time="40.192" errors="0" timestamp="2023-12-14T17:33:36 IST" skipped="0">
  <testcase classname="CrossBrowserTesting.CrossBrowserTestingDemo" name="verifyTitle" time="28.590"/>
  <testcase classname="CrossBrowserTesting.CrossBrowserTestingDemo" name="verifyTitle" time="5.776"/>
  <testcase classname="CrossBrowserTesting.CrossBrowserTestingDemo" name="verifyTitle" time="5.826"/>
</testsuite> <!-- CrossBrowserTesting.CrossBrowserTestingDemo -->
