<?xml version="1.0" encoding="UTF-8"?>
<!-- Generated by org.testng.reporters.JUnitReportReporter -->
<testsuite hostname="LAPTOP-BJLM547G" failures="0" tests="1" name="BasicLearning_TestNG.ParallelTestingForClass" time="11.119" errors="0" timestamp="2023-11-03T03:01:11 IST" skipped="0">
  <testcase classname="BasicLearning_TestNG.ParallelTestingForClass" name="verifyLogin" time="11.119"/>
</testsuite> <!-- BasicLearning_TestNG.ParallelTestingForClass -->
