<?xml version="1.0" encoding="UTF-8"?>
<!-- Generated by org.testng.reporters.JUnitReportReporter -->
<testsuite hostname="LAPTOP-BJLM547G" failures="0" tests="2" name="BatchTesting.PaymentTest" time="0.006" errors="0" timestamp="2023-12-05T06:09:03 IST" skipped="0">
  <testcase classname="BatchTesting.PaymentTest" name="NetBanking" time="0.005"/>
  <testcase classname="BatchTesting.PaymentTest" name="cashOnDelivery" time="0.001"/>
</testsuite> <!-- BatchTesting.PaymentTest -->
