<?xml version="1.0" encoding="UTF-8"?>
<!-- Generated by org.testng.reporters.JUnitReportReporter -->
<testsuite hostname="LAPTOP-BJLM547G" failures="0" tests="2" name="BasicLearning_TestNG.LoanDepartmentEnableDisableTC" time="0.006" errors="0" timestamp="2023-11-02T00:30:24 IST" skipped="0">
  <testcase classname="BasicLearning_TestNG.LoanDepartmentEnableDisableTC" name="APIloginAutomobileLoan" time="0.000"/>
  <testcase classname="BasicLearning_TestNG.LoanDepartmentEnableDisableTC" name="APILoginPersonalLoan" time="0.006"/>
</testsuite> <!-- BasicLearning_TestNG.LoanDepartmentEnableDisableTC -->
