<?xml version="1.0" encoding="UTF-8"?>
<!-- Generated by org.testng.reporters.JUnitReportReporter -->
<testsuite hostname="LAPTOP-BJLM547G" failures="0" tests="8" name="BasicLearning_TestNG.invocationCount" time="0.012" errors="0" timestamp="2023-12-14T16:57:14 IST" skipped="0">
  <testcase classname="BasicLearning_TestNG.invocationCount" name="testMethod1" time="0.001"/>
  <testcase classname="BasicLearning_TestNG.invocationCount" name="testMethod2" time="0.001"/>
  <testcase classname="BasicLearning_TestNG.invocationCount" name="testMethod1" time="0.001"/>
  <testcase classname="BasicLearning_TestNG.invocationCount" name="testMethod1" time="0.001"/>
  <testcase classname="BasicLearning_TestNG.invocationCount" name="testMethod2" time="0.000"/>
  <testcase classname="BasicLearning_TestNG.invocationCount" name="testMethod1" time="0.001"/>
  <testcase classname="BasicLearning_TestNG.invocationCount" name="testMethod2" time="0.001"/>
  <testcase classname="BasicLearning_TestNG.invocationCount" name="testMethod1" time="0.006"/>
</testsuite> <!-- BasicLearning_TestNG.invocationCount -->
