<?xml version="1.0" encoding="UTF-8"?>
<!-- Generated by org.testng.reporters.JUnitReportReporter -->
<testsuite hostname="LAPTOP-BJLM547G" failures="0" tests="1" name="BasicLearning_TestNG.ParallelTestingForClass2" time="7.316" errors="0" timestamp="2023-11-03T03:05:52 IST" skipped="0">
  <testcase classname="BasicLearning_TestNG.ParallelTestingForClass2" name="verifyLogin" time="7.316"/>
</testsuite> <!-- BasicLearning_TestNG.ParallelTestingForClass2 -->
